<?xml version="1.0" encoding="UTF-8"?>
<!-- Generated by org.testng.reporters.JUnitReportReporter -->
<testsuite skipped="0" hostname="DESKTOP-S7D7RBF" name="com.crm.qa.testcases.LoginTest" tests="3" failures="0" timestamp="13 Sep 2020 17:06:39 GMT" time="47.481" errors="0">
  <testcase name="verifyClickOnSignUpButton" time="13.470" classname="com.crm.qa.testcases.LoginTest"/>
  <testcase name="verifyClickOnLoginButton" time="17.477" classname="com.crm.qa.testcases.LoginTest"/>
  <testcase name="invalidLogin" time="16.534" classname="com.crm.qa.testcases.LoginTest"/>
</testsuite> <!-- com.crm.qa.testcases.LoginTest -->
